{"level":"info","message":"Hello from The Acquisitions","service":"user-service"}
{"level":"info","message":"::1 - - [07/Nov/2025:23:46:30 +0000] \"GET / HTTP/1.1\" 304 - \"-\" \"Mozilla/5.0 (Macintosh; Intel Mac OS X 10_15_7) AppleWebKit/537.36 (KHTML, like Gecko) Chrome/142.0.0.0 Safari/537.36\"","service":"user-service"}
{"level":"info","message":"::1 - - [07/Nov/2025:23:46:30 +0000] \"GET /favicon.ico HTTP/1.1\" 404 150 \"-\" \"Mozilla/5.0 (Macintosh; Intel Mac OS X 10_15_7) AppleWebKit/537.36 (KHTML, like Gecko) Chrome/142.0.0.0 Safari/537.36\"","service":"user-service"}
{"level":"info","message":"Hello from The Acquisitions","service":"user-service"}
{"level":"info","message":"::1 - - [08/Nov/2025:19:09:52 +0000] \"GET / HTTP/1.1\" 200 38 \"-\" \"PostmanRuntime/7.45.0\"","service":"user-service"}
{"level":"info","message":"::1 - - [08/Nov/2025:19:10:08 +0000] \"GET /api/auth HTTP/1.1\" 404 147 \"-\" \"PostmanRuntime/7.45.0\"","service":"user-service"}
{"level":"info","message":"::1 - - [08/Nov/2025:19:10:30 +0000] \"GET /api/auth/sign-up HTTP/1.1\" 404 155 \"-\" \"PostmanRuntime/7.45.0\"","service":"user-service"}
{"level":"info","message":"::1 - - [08/Nov/2025:19:10:46 +0000] \"GET /api HTTP/1.1\" 200 45 \"-\" \"PostmanRuntime/7.45.0\"","service":"user-service"}
{"level":"info","message":"::1 - - [08/Nov/2025:19:11:03 +0000] \"GET /health HTTP/1.1\" 200 77 \"-\" \"PostmanRuntime/7.45.0\"","service":"user-service"}
{"level":"info","message":"::1 - - [08/Nov/2025:19:11:22 +0000] \"GET /api HTTP/1.1\" 200 45 \"-\" \"PostmanRuntime/7.45.0\"","service":"user-service"}
{"level":"info","message":"::1 - - [08/Nov/2025:19:11:54 +0000] \"GET /api/auth/sign-in HTTP/1.1\" 404 155 \"-\" \"PostmanRuntime/7.45.0\"","service":"user-service"}
{"level":"info","message":"::1 - - [08/Nov/2025:19:12:09 +0000] \"GET /api/auth/sign-out HTTP/1.1\" 404 156 \"-\" \"PostmanRuntime/7.45.0\"","service":"user-service"}
{"level":"info","message":"::1 - - [11/Nov/2025:19:09:45 +0000] \"GET /api/auth/sign-out HTTP/1.1\" 404 156 \"-\" \"PostmanRuntime/7.45.0\"","service":"user-service"}
{"level":"info","message":"::1 - - [11/Nov/2025:19:10:18 +0000] \"POST /api/auth/sign-out HTTP/1.1\" 200 32 \"-\" \"PostmanRuntime/7.45.0\"","service":"user-service"}
{"level":"info","message":"::1 - - [11/Nov/2025:19:10:37 +0000] \"POST /api/auth/sign-in HTTP/1.1\" 200 31 \"-\" \"PostmanRuntime/7.45.0\"","service":"user-service"}
{"level":"info","message":"::1 - - [11/Nov/2025:19:10:41 +0000] \"POST /api/auth/sign-up HTTP/1.1\" 200 31 \"-\" \"PostmanRuntime/7.45.0\"","service":"user-service"}
{"level":"info","message":"::1 - - [12/Nov/2025:05:41:13 +0000] \"POST /api/auth/sign-up HTTP/1.1\" 400 1216 \"-\" \"PostmanRuntime/7.50.0\"","service":"user-service"}
{"level":"error","message":"signup error is not defined","service":"user-service","stack":"ReferenceError: error is not defined\n    at formatValidationError (file:///Users/gerardeklu/TheAcquisitions/src/utils/format.js:4:22)\n    at signup (file:///Users/gerardeklu/TheAcquisitions/src/controllers/auth.controllers.js:12:22)\n    at Layer.handleRequest (/Users/gerardeklu/TheAcquisitions/node_modules/router/lib/layer.js:152:17)\n    at next (/Users/gerardeklu/TheAcquisitions/node_modules/router/lib/route.js:157:13)\n    at Route.dispatch (/Users/gerardeklu/TheAcquisitions/node_modules/router/lib/route.js:117:3)\n    at handle (/Users/gerardeklu/TheAcquisitions/node_modules/router/index.js:435:11)\n    at Layer.handleRequest (/Users/gerardeklu/TheAcquisitions/node_modules/router/lib/layer.js:152:17)\n    at /Users/gerardeklu/TheAcquisitions/node_modules/router/index.js:295:15\n    at processParams (/Users/gerardeklu/TheAcquisitions/node_modules/router/index.js:582:12)\n    at next (/Users/gerardeklu/TheAcquisitions/node_modules/router/index.js:291:5)"}
{"level":"info","message":"::1 - - [12/Nov/2025:05:43:24 +0000] \"POST /api/auth/sign-up HTTP/1.1\" 400 1219 \"-\" \"PostmanRuntime/7.50.0\"","service":"user-service"}
{"level":"info","message":"::1 - - [12/Nov/2025:05:45:06 +0000] \"POST /api/auth/sign-up HTTP/1.1\" 400 92 \"-\" \"PostmanRuntime/7.50.0\"","service":"user-service"}
{"level":"info","message":"::1 - - [12/Nov/2025:05:51:00 +0000] \"POST /api/auth/sign-up HTTP/1.1\" 400 91 \"-\" \"PostmanRuntime/7.50.0\"","service":"user-service"}
{"level":"info","message":"User registered successfully: dinho@test.com","service":"user-service"}
{"level":"info","message":"::1 - - [12/Nov/2025:05:51:13 +0000] \"POST /api/auth/sign-up HTTP/1.1\" 201 99 \"-\" \"PostmanRuntime/7.50.0\"","service":"user-service"}
{"level":"info","message":"::1 - - [12/Nov/2025:05:51:27 +0000] \"POST /api/auth/sign-up HTTP/1.1\" 400 92 \"-\" \"PostmanRuntime/7.50.0\"","service":"user-service"}
{"level":"info","message":"User registered successfully: dinho@test.com","service":"user-service"}
{"level":"info","message":"::1 - - [12/Nov/2025:05:51:43 +0000] \"POST /api/auth/sign-up HTTP/1.1\" 201 100 \"-\" \"PostmanRuntime/7.50.0\"","service":"user-service"}
{"level":"error","message":"signup password is not defined","service":"user-service","stack":"ReferenceError: password is not defined\n    at signup (file:///Users/gerardeklu/TheAcquisitions/src/controllers/auth.controllers.js:22:50)\n    at Layer.handleRequest (/Users/gerardeklu/TheAcquisitions/node_modules/router/lib/layer.js:152:17)\n    at next (/Users/gerardeklu/TheAcquisitions/node_modules/router/lib/route.js:157:13)\n    at Route.dispatch (/Users/gerardeklu/TheAcquisitions/node_modules/router/lib/route.js:117:3)\n    at handle (/Users/gerardeklu/TheAcquisitions/node_modules/router/index.js:435:11)\n    at Layer.handleRequest (/Users/gerardeklu/TheAcquisitions/node_modules/router/lib/layer.js:152:17)\n    at /Users/gerardeklu/TheAcquisitions/node_modules/router/index.js:295:15\n    at processParams (/Users/gerardeklu/TheAcquisitions/node_modules/router/index.js:582:12)\n    at next (/Users/gerardeklu/TheAcquisitions/node_modules/router/index.js:291:5)\n    at Function.handle (/Users/gerardeklu/TheAcquisitions/node_modules/router/index.js:186:3)"}
{"level":"info","message":"::1 - - [12/Nov/2025:06:45:21 +0000] \"POST /api/auth/sign-up HTTP/1.1\" 500 1219 \"-\" \"PostmanRuntime/7.50.0\"","service":"user-service"}
{"level":"error","message":"Error creating the user: ReferenceError: user is not defined","service":"user-service"}
{"level":"error","message":"signup Error creating a user","service":"user-service","stack":"Error: Error creating a user\n    at createUser (file:///Users/gerardeklu/TheAcquisitions/src/services/auth.service.js:33:11)\n    at process.processTicksAndRejections (node:internal/process/task_queues:95:5)\n    at async signup (file:///Users/gerardeklu/TheAcquisitions/src/controllers/auth.controllers.js:22:19)"}
{"level":"info","message":"::1 - - [12/Nov/2025:06:47:06 +0000] \"POST /api/auth/sign-up HTTP/1.1\" 500 477 \"-\" \"PostmanRuntime/7.50.0\"","service":"user-service"}
{"level":"error","message":"Error creating the user: Error: Failed query: insert into \"users\" (\"id\", \"name\", \"email\", \"password\", \"role\", \"created_at\", \"updated_at\") values (default, $1, $2, $3, $4, default, default) returning \"id\", \"name\", \"email\", \"role\", \"created_at\"\nparams: Dinhovi,dinhovi@test.com,$2b$10$j4VtsEo67u60AN2vP6NZvu2ZYeHvCwdYkRLS/3HlVVPIqxoTRW1xq,admin","service":"user-service"}
{"level":"error","message":"signup Error creating a user","service":"user-service","stack":"Error: Error creating a user\n    at createUser (file:///Users/gerardeklu/TheAcquisitions/src/services/auth.service.js:43:11)\n    at process.processTicksAndRejections (node:internal/process/task_queues:95:5)\n    at async signup (file:///Users/gerardeklu/TheAcquisitions/src/controllers/auth.controllers.js:22:18)"}
{"level":"info","message":"::1 - - [12/Nov/2025:06:52:50 +0000] \"POST /api/auth/sign-up HTTP/1.1\" 500 477 \"-\" \"PostmanRuntime/7.50.0\"","service":"user-service"}
{"level":"error","message":"Error creating the user: Error: User already exists","service":"user-service"}
{"level":"error","message":"signup Error creating a user","service":"user-service","stack":"Error: Error creating a user\n    at createUser (file:///Users/gerardeklu/TheAcquisitions/src/services/auth.service.js:43:11)\n    at process.processTicksAndRejections (node:internal/process/task_queues:95:5)\n    at async signup (file:///Users/gerardeklu/TheAcquisitions/src/controllers/auth.controllers.js:22:18)"}
{"level":"info","message":"::1 - - [12/Nov/2025:06:56:47 +0000] \"POST /api/auth/sign-up HTTP/1.1\" 500 477 \"-\" \"PostmanRuntime/7.50.0\"","service":"user-service"}
{"level":"error","message":"Error creating the user: Error: User already exists","service":"user-service"}
{"level":"error","message":"signup Error creating a user","service":"user-service","stack":"Error: Error creating a user\n    at createUser (file:///Users/gerardeklu/TheAcquisitions/src/services/auth.service.js:43:11)\n    at process.processTicksAndRejections (node:internal/process/task_queues:95:5)\n    at async signup (file:///Users/gerardeklu/TheAcquisitions/src/controllers/auth.controllers.js:22:18)"}
{"level":"info","message":"::1 - - [12/Nov/2025:06:58:17 +0000] \"POST /api/auth/sign-up HTTP/1.1\" 500 477 \"-\" \"PostmanRuntime/7.50.0\"","service":"user-service"}
{"level":"error","message":"Error creating the user: Error: User already exists","service":"user-service"}
{"level":"error","message":"signup User already exists","service":"user-service","stack":"Error: User already exists\n    at createUser (file:///Users/gerardeklu/TheAcquisitions/src/services/auth.service.js:24:40)\n    at process.processTicksAndRejections (node:internal/process/task_queues:95:5)\n    at async signup (file:///Users/gerardeklu/TheAcquisitions/src/controllers/auth.controllers.js:22:18)"}
{"level":"info","message":"::1 - - [12/Nov/2025:06:58:55 +0000] \"POST /api/auth/sign-up HTTP/1.1\" 500 475 \"-\" \"PostmanRuntime/7.50.0\"","service":"user-service"}
{"level":"info","message":"User dinhovie@test.com created successfully","service":"user-service"}
{"level":"error","message":"signup value is not defined","service":"user-service","stack":"ReferenceError: value is not defined\n    at Object.set (file:///Users/gerardeklu/TheAcquisitions/src/utils/cookies.js:10:22)\n    at signup (file:///Users/gerardeklu/TheAcquisitions/src/controllers/auth.controllers.js:30:13)\n    at process.processTicksAndRejections (node:internal/process/task_queues:95:5)"}
{"level":"info","message":"::1 - - [12/Nov/2025:06:59:27 +0000] \"POST /api/auth/sign-up HTTP/1.1\" 500 471 \"-\" \"PostmanRuntime/7.50.0\"","service":"user-service"}
{"level":"error","message":"Error creating the user: Error: User already exists","service":"user-service"}
{"level":"error","message":"signup User already exists","service":"user-service","stack":"Error: User already exists\n    at createUser (file:///Users/gerardeklu/TheAcquisitions/src/services/auth.service.js:24:40)\n    at process.processTicksAndRejections (node:internal/process/task_queues:95:5)\n    at async signup (file:///Users/gerardeklu/TheAcquisitions/src/controllers/auth.controllers.js:22:18)"}
{"level":"info","message":"::1 - - [12/Nov/2025:07:00:35 +0000] \"POST /api/auth/sign-up HTTP/1.1\" 500 475 \"-\" \"PostmanRuntime/7.50.0\"","service":"user-service"}
{"level":"info","message":"User dinhoviee@test.com created successfully","service":"user-service"}
{"level":"info","message":"User registered successfully: dinhoviee@test.com","service":"user-service"}
{"level":"info","message":"::1 - - [12/Nov/2025:07:00:51 +0000] \"POST /api/auth/sign-up HTTP/1.1\" 201 108 \"-\" \"PostmanRuntime/7.50.0\"","service":"user-service"}
{"level":"info","message":"User ronivi@test.com created successfully","service":"user-service"}
{"level":"info","message":"User registered successfully: ronivi@test.com","service":"user-service"}
{"level":"info","message":"::1 - - [12/Nov/2025:07:01:31 +0000] \"POST /api/auth/sign-up HTTP/1.1\" 201 101 \"-\" \"PostmanRuntime/7.50.0\"","service":"user-service"}
{"level":"info","message":"::1 - - [12/Nov/2025:07:02:02 +0000] \"POST /api/auth HTTP/1.1\" 404 148 \"-\" \"PostmanRuntime/7.50.0\"","service":"user-service"}
{"level":"info","message":"::1 - - [12/Nov/2025:07:02:06 +0000] \"GET /api/auth HTTP/1.1\" 404 147 \"-\" \"PostmanRuntime/7.50.0\"","service":"user-service"}
{"level":"info","message":"Hello from The Acquisitions","service":"user-service"}
{"level":"info","message":"::1 - - [12/Nov/2025:07:02:10 +0000] \"GET / HTTP/1.1\" 200 38 \"-\" \"PostmanRuntime/7.50.0\"","service":"user-service"}
{"level":"info","message":"::1 - - [12/Nov/2025:07:02:19 +0000] \"GET /signup HTTP/1.1\" 404 145 \"-\" \"PostmanRuntime/7.50.0\"","service":"user-service"}
{"level":"info","message":"::1 - - [12/Nov/2025:07:03:14 +0000] \"POST /auth/sign-up HTTP/1.1\" 404 152 \"-\" \"PostmanRuntime/7.50.0\"","service":"user-service"}
{"level":"info","message":"::1 - - [12/Nov/2025:07:03:29 +0000] \"POST /auth/sign-up HTTP/1.1\" 404 152 \"-\" \"PostmanRuntime/7.50.0\"","service":"user-service"}
{"level":"info","message":"User ronivii@test.com created successfully","service":"user-service"}
{"level":"info","message":"User registered successfully: ronivii@test.com","service":"user-service"}
{"level":"info","message":"::1 - - [12/Nov/2025:07:04:01 +0000] \"POST /api/auth/sign-up HTTP/1.1\" 201 103 \"-\" \"PostmanRuntime/7.50.0\"","service":"user-service"}
